<?xml version="1.0" encoding="UTF-8"?>
<testsuite xmlns:xsi="http://www.w3.org/2001/XMLSchema-instance" xsi:noNamespaceSchemaLocation="https://maven.apache.org/surefire/maven-surefire-plugin/xsd/surefire-test-report.xsd" name="TestSuite" time="32.093" tests="8" errors="0" skipped="4" failures="1">
  <properties>
[...]
</properties>
  <testcase name="runScenario" classname="runners.WebRunner" time="8.157"/>
  <testcase name="runScenario" classname="runners.WebRunner" time="6.426"/>
  <testcase name="runScenario" classname="runners.WebRunner" time="6.778"/>
  <testcase name="beforeMethodMethod" classname="runners.DesktopRunner" time="7.465">
    <failure message="org.openqa.selenium.remote.service.DriverService.&lt;init&gt;(Ljava/io/File;ILcom/google/common/collect/ImmutableList;Lcom/google/common/collect/ImmutableMap;)V" type="java.lang.NoSuchMethodError"><![CDATA[java.lang.NoSuchMethodError: org.openqa.selenium.remote.service.DriverService.<init>(Ljava/io/File;ILcom/google/common/collect/ImmutableList;Lcom/google/common/collect/ImmutableMap;)V
	at runners.DesktopRunner.setupDriver(DesktopRunner.java:49)
	at runners.DesktopRunner.beforeMethodMethod(DesktopRunner.java:81)
]]></failure>
    <system-err><![CDATA[?????????????????????????????????????????????????????????????????????????????????????
? Share your Cucumber Report with your team at https://reports.cucumber.io          ?
? Activate publishing with one of the following:                                    ?
?                                                                                   ?
? src/test/resources/cucumber.properties:          cucumber.publish.enabled=true    ?
? src/test/resources/junit-platform.properties:    cucumber.publish.enabled=true    ?
? Environment variable:                            CUCUMBER_PUBLISH_ENABLED=true    ?
? JUnit:                                           @CucumberOptions(publish = true) ?
?                                                                                   ?
? More information at https://cucumber.io/docs/cucumber/environment-variables/      ?
?                                                                                   ?
? Disable this message with one of the following:                                   ?
?                                                                                   ?
? src/test/resources/cucumber.properties:          cucumber.publish.quiet=true      ?
? src/test/resources/junit-platform.properties:    cucumber.publish.quiet=true      ?
?????????????????????????????????????????????????????????????????????????????????????
]]></system-err>
  </testcase>
  <testcase name="runScenario" classname="runners.DesktopRunner" time="0">
    <skipped message="org.openqa.selenium.remote.service.DriverService.&lt;init&gt;(Ljava/io/File;ILcom/google/common/collect/ImmutableList;Lcom/google/common/collect/ImmutableMap;)V"/>
  </testcase>
  <testcase name="afterMethodMethod" classname="runners.DesktopRunner" time="0">
    <skipped/>
  </testcase>
  <testcase name="afterTestMethod" classname="runners.DesktopRunner" time="0">
    <skipped/>
    <system-err><![CDATA[?????????????????????????????????????????????????????????????????????????????????????
? Share your Cucumber Report with your team at https://reports.cucumber.io          ?
? Activate publishing with one of the following:                                    ?
?                                                                                   ?
? src/test/resources/cucumber.properties:          cucumber.publish.enabled=true    ?
? src/test/resources/junit-platform.properties:    cucumber.publish.enabled=true    ?
? Environment variable:                            CUCUMBER_PUBLISH_ENABLED=true    ?
? JUnit:                                           @CucumberOptions(publish = true) ?
?                                                                                   ?
? More information at https://cucumber.io/docs/cucumber/environment-variables/      ?
?                                                                                   ?
? Disable this message with one of the following:                                   ?
?                                                                                   ?
? src/test/resources/cucumber.properties:          cucumber.publish.quiet=true      ?
? src/test/resources/junit-platform.properties:    cucumber.publish.quiet=true      ?
?????????????????????????????????????????????????????????????????????????????????????
]]></system-err>
  </testcase>
  <testcase name="afterTestMethod" classname="runners.WebRunner" time="0">
    <skipped/>
  </testcase>
</testsuite>