<?xml version="1.0" encoding="UTF-8"?>
<testsuite xmlns:xsi="http://www.w3.org/2001/XMLSchema-instance" xsi:noNamespaceSchemaLocation="https://maven.apache.org/surefire/maven-surefire-plugin/xsd/surefire-test-report.xsd" name="TestSuite" time="9.462" tests="25" errors="0" skipped="16" failures="9">
  <properties>
[...]
</properties>
  <testcase name="beforeMethodMethod" classname="runners.WebRunner" time="0.988">
    <failure message="com.google.common.collect.ImmutableMap.of(Ljava/lang/Object;Ljava/lang/Object;Ljava/lang/Object;Ljava/lang/Object;Ljava/lang/Object;Ljava/lang/Object;Ljava/lang/Object;Ljava/lang/Object;Ljava/lang/Object;Ljava/lang/Object;Ljava/lang/Object;Ljava/lang/Object;)Lcom/google/common/collect/ImmutableMap;" type="java.lang.NoSuchMethodError">java.lang.NoSuchMethodError: com.google.common.collect.ImmutableMap.of(Ljava/lang/Object;Ljava/lang/Object;Ljava/lang/Object;Ljava/lang/Object;Ljava/lang/Object;Ljava/lang/Object;Ljava/lang/Object;Ljava/lang/Object;Ljava/lang/Object;Ljava/lang/Object;Ljava/lang/Object;Ljava/lang/Object;)Lcom/google/common/collect/ImmutableMap;
	at runners.WebRunner.setupDriver(WebRunner.java:49)
	at runners.WebRunner.beforeMethodMethod(WebRunner.java:75)
</failure>
    <system-err><![CDATA[SLF4J: Failed to load class "org.slf4j.impl.StaticLoggerBinder".
SLF4J: Defaulting to no-operation (NOP) logger implementation
SLF4J: See http://www.slf4j.org/codes.html#StaticLoggerBinder for further details.
]]></system-err>
  </testcase>
  <testcase name="beforeMethodMethod" classname="runners.WebRunner" time="0">
    <skipped/>
  </testcase>
  <testcase name="beforeMethodMethod" classname="runners.WebRunner" time="0">
    <skipped/>
  </testcase>
  <testcase name="runScenario" classname="runners.WebRunner" time="0">
    <skipped message="com.google.common.collect.ImmutableMap.of(Ljava/lang/Object;Ljava/lang/Object;Ljava/lang/Object;Ljava/lang/Object;Ljava/lang/Object;Ljava/lang/Object;Ljava/lang/Object;Ljava/lang/Object;Ljava/lang/Object;Ljava/lang/Object;Ljava/lang/Object;Ljava/lang/Object;)Lcom/google/common/collect/ImmutableMap;"/>
  </testcase>
  <testcase name="runScenario" classname="runners.WebRunner" time="0">
    <skipped message="com.google.common.collect.ImmutableMap.of(Ljava/lang/Object;Ljava/lang/Object;Ljava/lang/Object;Ljava/lang/Object;Ljava/lang/Object;Ljava/lang/Object;Ljava/lang/Object;Ljava/lang/Object;Ljava/lang/Object;Ljava/lang/Object;Ljava/lang/Object;Ljava/lang/Object;)Lcom/google/common/collect/ImmutableMap;"/>
  </testcase>
  <testcase name="runScenario" classname="runners.WebRunner" time="0">
    <skipped message="com.google.common.collect.ImmutableMap.of(Ljava/lang/Object;Ljava/lang/Object;Ljava/lang/Object;Ljava/lang/Object;Ljava/lang/Object;Ljava/lang/Object;Ljava/lang/Object;Ljava/lang/Object;Ljava/lang/Object;Ljava/lang/Object;Ljava/lang/Object;Ljava/lang/Object;)Lcom/google/common/collect/ImmutableMap;"/>
  </testcase>
  <testcase name="afterMethodMethod" classname="runners.WebRunner" time="0">
    <skipped/>
  </testcase>
  <testcase name="afterMethodMethod" classname="runners.WebRunner" time="0">
    <skipped/>
  </testcase>
  <testcase name="afterMethodMethod" classname="runners.WebRunner" time="0">
    <skipped/>
  </testcase>
  <testcase name="beforeMethodMethod" classname="runners.DesktopRunner" time="4.903">
    <failure message="Could not start a new session. Possible causes are invalid address of the remote server or browser start-up failure.&#10;Build info: version: &apos;4.3.0&apos;, revision: &apos;a4995e2c09*&apos;&#10;System info: host: &apos;DESKTOP-79BEL83&apos;, ip: &apos;192.168.1.27&apos;, os.name: &apos;Windows 10&apos;, os.arch: &apos;x86&apos;, os.version: &apos;10.0&apos;, java.version: &apos;1.8.0_181&apos;&#10;Driver info: org.openqa.selenium.winium.WiniumDriver&#10;Command: [null, newSession {capabilities=[Capabilities {}], desiredCapabilities=Capabilities {}}]&#10;Capabilities {}" type="org.openqa.selenium.SessionNotCreatedException">org.openqa.selenium.SessionNotCreatedException: 
Could not start a new session. Possible causes are invalid address of the remote server or browser start-up failure.
Build info: version: '4.3.0', revision: 'a4995e2c09*'
System info: host: 'DESKTOP-79BEL83', ip: '192.168.1.27', os.name: 'Windows 10', os.arch: 'x86', os.version: '10.0', java.version: '1.8.0_181'
Driver info: org.openqa.selenium.winium.WiniumDriver
Command: [null, newSession {capabilities=[Capabilities {}], desiredCapabilities=Capabilities {}}]
Capabilities {}
	at runners.DesktopRunner.setupDriver(DesktopRunner.java:50)
	at runners.DesktopRunner.beforeMethodMethod(DesktopRunner.java:70)
Caused by: java.io.UncheckedIOException: java.net.ConnectException: Connection refused: no further information: localhost/0:0:0:0:0:0:0:1:9999
	at runners.DesktopRunner.setupDriver(DesktopRunner.java:50)
	at runners.DesktopRunner.beforeMethodMethod(DesktopRunner.java:70)
Caused by: java.net.ConnectException: Connection refused: no further information: localhost/0:0:0:0:0:0:0:1:9999
Caused by: io.netty.channel.AbstractChannel$AnnotatedConnectException: Connection refused: no further information: localhost/0:0:0:0:0:0:0:1:9999
Caused by: java.net.ConnectException: Connection refused: no further information
</failure>
    <system-err><![CDATA[?????????????????????????????????????????????????????????????????????????????????????
? Share your Cucumber Report with your team at https://reports.cucumber.io          ?
? Activate publishing with one of the following:                                    ?
?                                                                                   ?
? src/test/resources/cucumber.properties:          cucumber.publish.enabled=true    ?
? src/test/resources/junit-platform.properties:    cucumber.publish.enabled=true    ?
? Environment variable:                            CUCUMBER_PUBLISH_ENABLED=true    ?
? JUnit:                                           @CucumberOptions(publish = true) ?
?                                                                                   ?
? More information at https://cucumber.io/docs/cucumber/environment-variables/      ?
?                                                                                   ?
? Disable this message with one of the following:                                   ?
?                                                                                   ?
? src/test/resources/cucumber.properties:          cucumber.publish.quiet=true      ?
? src/test/resources/junit-platform.properties:    cucumber.publish.quiet=true      ?
?????????????????????????????????????????????????????????????????????????????????????
]]></system-err>
  </testcase>
  <testcase name="runScenario" classname="runners.DesktopRunner" time="0">
    <skipped message="Could not start a new session. Possible causes are invalid address of the remote server or browser start-up failure.&#10;Build info: version: &apos;4.3.0&apos;, revision: &apos;a4995e2c09*&apos;&#10;System info: host: &apos;DESKTOP-79BEL83&apos;, ip: &apos;192.168.1.27&apos;, os.name: &apos;Windows 10&apos;, os.arch: &apos;x86&apos;, os.version: &apos;10.0&apos;, java.version: &apos;1.8.0_181&apos;&#10;Driver info: org.openqa.selenium.winium.WiniumDriver&#10;Command: [null, newSession {capabilities=[Capabilities {}], desiredCapabilities=Capabilities {}}]&#10;Capabilities {}"/>
  </testcase>
  <testcase name="afterMethodMethod" classname="runners.DesktopRunner" time="0">
    <skipped/>
  </testcase>
  <testcase name="beforeMethodMethod" classname="runners.AndroidRunner" time="0.037">
    <failure message="org/openqa/selenium/remote/internal/JsonToWebElementConverter" type="java.lang.NoClassDefFoundError">java.lang.NoClassDefFoundError: org/openqa/selenium/remote/internal/JsonToWebElementConverter
	at runners.AndroidRunner.setupDriver(AndroidRunner.java:53)
	at runners.AndroidRunner.beforeMethodMethod(AndroidRunner.java:72)
Caused by: java.lang.ClassNotFoundException: org.openqa.selenium.remote.internal.JsonToWebElementConverter
	at runners.AndroidRunner.setupDriver(AndroidRunner.java:53)
	at runners.AndroidRunner.beforeMethodMethod(AndroidRunner.java:72)
</failure>
    <system-err><![CDATA[?????????????????????????????????????????????????????????????????????????????????????
? Share your Cucumber Report with your team at https://reports.cucumber.io          ?
? Activate publishing with one of the following:                                    ?
?                                                                                   ?
? src/test/resources/cucumber.properties:          cucumber.publish.enabled=true    ?
? src/test/resources/junit-platform.properties:    cucumber.publish.enabled=true    ?
? Environment variable:                            CUCUMBER_PUBLISH_ENABLED=true    ?
? JUnit:                                           @CucumberOptions(publish = true) ?
?                                                                                   ?
? More information at https://cucumber.io/docs/cucumber/environment-variables/      ?
?                                                                                   ?
? Disable this message with one of the following:                                   ?
?                                                                                   ?
? src/test/resources/cucumber.properties:          cucumber.publish.quiet=true      ?
? src/test/resources/junit-platform.properties:    cucumber.publish.quiet=true      ?
?????????????????????????????????????????????????????????????????????????????????????
]]></system-err>
  </testcase>
  <testcase name="runScenario" classname="runners.AndroidRunner" time="0">
    <skipped message="org/openqa/selenium/remote/internal/JsonToWebElementConverter"/>
  </testcase>
  <testcase name="afterMethodMethod" classname="runners.AndroidRunner" time="0">
    <skipped/>
  </testcase>
  <testcase name="runScenario" classname="runners.ApiRunner" time="2.062">
    <failure message="Invalid JSON expression:&#10;Script1.groovy: 1: Unexpected input: &apos;                         [&apos; @ line 1, column 27.&#10;                            [&apos;place name&apos;]&#10;                             ^&#10;&#10;1 error&#10;" type="java.lang.IllegalArgumentException">java.lang.IllegalArgumentException: 
Invalid JSON expression:
Script1.groovy: 1: Unexpected input: '                         [' @ line 1, column 27.
                            ['place name']
                             ^

1 error

Caused by: org.codehaus.groovy.control.MultipleCompilationErrorsException: 
startup failed:
Script1.groovy: 1: Unexpected input: 'restAssuredJsonRootObject.[' @ line 1, column 27.
   restAssuredJsonRootObject.['place name']
                             ^

1 error

</failure>
    <system-err><![CDATA[?????????????????????????????????????????????????????????????????????????????????????
? Share your Cucumber Report with your team at https://reports.cucumber.io          ?
? Activate publishing with one of the following:                                    ?
?                                                                                   ?
? src/test/resources/cucumber.properties:          cucumber.publish.enabled=true    ?
? src/test/resources/junit-platform.properties:    cucumber.publish.enabled=true    ?
? Environment variable:                            CUCUMBER_PUBLISH_ENABLED=true    ?
? JUnit:                                           @CucumberOptions(publish = true) ?
?                                                                                   ?
? More information at https://cucumber.io/docs/cucumber/environment-variables/      ?
?                                                                                   ?
? Disable this message with one of the following:                                   ?
?                                                                                   ?
? src/test/resources/cucumber.properties:          cucumber.publish.quiet=true      ?
? src/test/resources/junit-platform.properties:    cucumber.publish.quiet=true      ?
?????????????????????????????????????????????????????????????????????????????????????
]]></system-err>
  </testcase>
  <testcase name="runScenario" classname="runners.ApiRunner" time="0.638">
    <failure message="Invalid JSON expression:&#10;Script1.groovy: 1: Unexpected input: &apos;                         [&apos; @ line 1, column 27.&#10;                            [&apos;place name&apos;]&#10;                             ^&#10;&#10;1 error&#10;" type="java.lang.IllegalArgumentException">java.lang.IllegalArgumentException: 
Invalid JSON expression:
Script1.groovy: 1: Unexpected input: '                         [' @ line 1, column 27.
                            ['place name']
                             ^

1 error

Caused by: org.codehaus.groovy.control.MultipleCompilationErrorsException: 
startup failed:
Script1.groovy: 1: Unexpected input: 'restAssuredJsonRootObject.[' @ line 1, column 27.
   restAssuredJsonRootObject.['place name']
                             ^

1 error

</failure>
  </testcase>
  <testcase name="runScenario" classname="runners.ApiRunner" time="0.01">
    <failure message="no protocol: &quot;https://api.zippopotam.us/gb/eng/chorley&quot;" type="java.net.MalformedURLException">java.net.MalformedURLException: no protocol: "https://api.zippopotam.us/gb/eng/chorley"
</failure>
  </testcase>
  <testcase name="runScenario" classname="runners.ApiRunner" time="0.01">
    <failure message="Illegal character in path at index 0: &lt;URL&gt;" type="java.net.URISyntaxException"><![CDATA[java.net.URISyntaxException: Illegal character in path at index 0: <URL>
]]></failure>
  </testcase>
  <testcase name="runScenario" classname="runners.ApiRunner" time="0.275">
    <failure message="Invalid JSON expression:&#10;Script1.groovy: 1: Unexpected input: &apos;                         [&apos; @ line 1, column 27.&#10;                            [&apos;place name&apos;]&#10;                             ^&#10;&#10;1 error&#10;" type="java.lang.IllegalArgumentException">java.lang.IllegalArgumentException: 
Invalid JSON expression:
Script1.groovy: 1: Unexpected input: '                         [' @ line 1, column 27.
                            ['place name']
                             ^

1 error

Caused by: org.codehaus.groovy.control.MultipleCompilationErrorsException: 
startup failed:
Script1.groovy: 1: Unexpected input: 'restAssuredJsonRootObject.[' @ line 1, column 27.
   restAssuredJsonRootObject.['place name']
                             ^

1 error

</failure>
  </testcase>
  <testcase name="runScenario" classname="runners.ApiRunner" time="0.328">
    <failure message="Invalid JSON expression:&#10;Script1.groovy: 1: Unexpected input: &apos;                         [&apos; @ line 1, column 27.&#10;                            [&apos;place name&apos;]&#10;                             ^&#10;&#10;1 error&#10;" type="java.lang.IllegalArgumentException">java.lang.IllegalArgumentException: 
Invalid JSON expression:
Script1.groovy: 1: Unexpected input: '                         [' @ line 1, column 27.
                            ['place name']
                             ^

1 error

Caused by: org.codehaus.groovy.control.MultipleCompilationErrorsException: 
startup failed:
Script1.groovy: 1: Unexpected input: 'restAssuredJsonRootObject.[' @ line 1, column 27.
   restAssuredJsonRootObject.['place name']
                             ^

1 error

</failure>
  </testcase>
  <testcase name="afterTestMethod" classname="runners.AndroidRunner" time="0">
    <skipped/>
    <system-err><![CDATA[?????????????????????????????????????????????????????????????????????????????????????
? Share your Cucumber Report with your team at https://reports.cucumber.io          ?
? Activate publishing with one of the following:                                    ?
?                                                                                   ?
? src/test/resources/cucumber.properties:          cucumber.publish.enabled=true    ?
? src/test/resources/junit-platform.properties:    cucumber.publish.enabled=true    ?
? Environment variable:                            CUCUMBER_PUBLISH_ENABLED=true    ?
? JUnit:                                           @CucumberOptions(publish = true) ?
?                                                                                   ?
? More information at https://cucumber.io/docs/cucumber/environment-variables/      ?
?                                                                                   ?
? Disable this message with one of the following:                                   ?
?                                                                                   ?
? src/test/resources/cucumber.properties:          cucumber.publish.quiet=true      ?
? src/test/resources/junit-platform.properties:    cucumber.publish.quiet=true      ?
?????????????????????????????????????????????????????????????????????????????????????
]]></system-err>
  </testcase>
  <testcase name="afterTestMethod" classname="runners.ApiRunner" time="0">
    <skipped/>
  </testcase>
  <testcase name="afterTestMethod" classname="runners.DesktopRunner" time="0">
    <skipped/>
  </testcase>
  <testcase name="afterTestMethod" classname="runners.WebRunner" time="0">
    <skipped/>
  </testcase>
</testsuite>