<?xml version="1.0" encoding="UTF-8"?>
<testsuite xmlns:xsi="http://www.w3.org/2001/XMLSchema-instance" xsi:noNamespaceSchemaLocation="https://maven.apache.org/surefire/maven-surefire-plugin/xsd/surefire-test-report.xsd" name="TestSuite" time="1.087" tests="11" errors="0" skipped="0" failures="11">
  <properties>
[...]
</properties>
  <testcase name="runScenario" classname="test.java.runners.TestRunner" time="0.103">
    <failure message="The step &apos;the user is requesting from https://api.zippopotam.us/gb/wa12&apos; and 2 other step(s) are undefined.&#10;You can implement these steps using the snippet(s) below:&#10;&#10;@Given(&quot;the user is requesting from https:\\/\\/api.zippopotam.us\\/gb\\/wa12&quot;)&#10;public void the_user_is_requesting_from_https_api_zippopotam_us_gb_wa12() {&#10;    // Write code here that turns the phrase above into concrete actions&#10;    throw new io.cucumber.java.PendingException();&#10;}&#10;@When(&quot;the user sends an API request&quot;)&#10;public void the_user_sends_an_api_request() {&#10;    // Write code here that turns the phrase above into concrete actions&#10;    throw new io.cucumber.java.PendingException();&#10;}&#10;@Then(&quot;the API should return details for Earlestown&quot;)&#10;public void the_api_should_return_details_for_earlestown() {&#10;    // Write code here that turns the phrase above into concrete actions&#10;    throw new io.cucumber.java.PendingException();&#10;}&#10;" type="io.cucumber.testng.UndefinedStepException">io.cucumber.testng.UndefinedStepException: 
The step 'the user is requesting from https://api.zippopotam.us/gb/wa12' and 2 other step(s) are undefined.
You can implement these steps using the snippet(s) below:

@Given("the user is requesting from https:\\/\\/api.zippopotam.us\\/gb\\/wa12")
public void the_user_is_requesting_from_https_api_zippopotam_us_gb_wa12() {
    // Write code here that turns the phrase above into concrete actions
    throw new io.cucumber.java.PendingException();
}
@When("the user sends an API request")
public void the_user_sends_an_api_request() {
    // Write code here that turns the phrase above into concrete actions
    throw new io.cucumber.java.PendingException();
}
@Then("the API should return details for Earlestown")
public void the_api_should_return_details_for_earlestown() {
    // Write code here that turns the phrase above into concrete actions
    throw new io.cucumber.java.PendingException();
}

</failure>
    <system-err><![CDATA[SLF4J: Failed to load class "org.slf4j.impl.StaticLoggerBinder".
SLF4J: Defaulting to no-operation (NOP) logger implementation
SLF4J: See http://www.slf4j.org/codes.html#StaticLoggerBinder for further details.
]]></system-err>
  </testcase>
  <testcase name="runScenario" classname="test.java.runners.TestRunner" time="0.001">
    <failure message="The step &apos;the user is requesting from https://api.zippopotam.us/gb/wa12&apos; and 2 other step(s) are undefined.&#10;You can implement these steps using the snippet(s) below:&#10;&#10;@Given(&quot;the user is requesting from https:\\/\\/api.zippopotam.us\\/gb\\/wa12&quot;)&#10;public void the_user_is_requesting_from_https_api_zippopotam_us_gb_wa12() {&#10;    // Write code here that turns the phrase above into concrete actions&#10;    throw new io.cucumber.java.PendingException();&#10;}&#10;@When(&quot;the user sends an API request&quot;)&#10;public void the_user_sends_an_api_request() {&#10;    // Write code here that turns the phrase above into concrete actions&#10;    throw new io.cucumber.java.PendingException();&#10;}&#10;@Then(&quot;the API should return details for Newton-le-Willows&quot;)&#10;public void the_api_should_return_details_for_newton_le_willows() {&#10;    // Write code here that turns the phrase above into concrete actions&#10;    throw new io.cucumber.java.PendingException();&#10;}&#10;" type="io.cucumber.testng.UndefinedStepException">io.cucumber.testng.UndefinedStepException: 
The step 'the user is requesting from https://api.zippopotam.us/gb/wa12' and 2 other step(s) are undefined.
You can implement these steps using the snippet(s) below:

@Given("the user is requesting from https:\\/\\/api.zippopotam.us\\/gb\\/wa12")
public void the_user_is_requesting_from_https_api_zippopotam_us_gb_wa12() {
    // Write code here that turns the phrase above into concrete actions
    throw new io.cucumber.java.PendingException();
}
@When("the user sends an API request")
public void the_user_sends_an_api_request() {
    // Write code here that turns the phrase above into concrete actions
    throw new io.cucumber.java.PendingException();
}
@Then("the API should return details for Newton-le-Willows")
public void the_api_should_return_details_for_newton_le_willows() {
    // Write code here that turns the phrase above into concrete actions
    throw new io.cucumber.java.PendingException();
}

</failure>
  </testcase>
  <testcase name="runScenario" classname="test.java.runners.TestRunner" time="0.004">
    <failure message="The step &apos;the user is requesting from &quot;https://api.zippopotam.us/gb/eng/chorley&quot;&apos; and 3 other step(s) are undefined.&#10;You can implement these steps using the snippet(s) below:&#10;&#10;@Given(&quot;the user is requesting from {string}&quot;)&#10;public void the_user_is_requesting_from(String string) {&#10;    // Write code here that turns the phrase above into concrete actions&#10;    throw new io.cucumber.java.PendingException();&#10;}&#10;@When(&quot;the user sends an API request&quot;)&#10;public void the_user_sends_an_api_request() {&#10;    // Write code here that turns the phrase above into concrete actions&#10;    throw new io.cucumber.java.PendingException();&#10;}&#10;@Then(&quot;the API should return details for {string}&quot;)&#10;public void the_api_should_return_details_for(String string) {&#10;    // Write code here that turns the phrase above into concrete actions&#10;    throw new io.cucumber.java.PendingException();&#10;}&#10;@Then(&quot;the API should return the postcode {string}&quot;)&#10;public void the_api_should_return_the_postcode(String string) {&#10;    // Write code here that turns the phrase above into concrete actions&#10;    throw new io.cucumber.java.PendingException();&#10;}&#10;" type="io.cucumber.testng.UndefinedStepException">io.cucumber.testng.UndefinedStepException: 
The step 'the user is requesting from "https://api.zippopotam.us/gb/eng/chorley"' and 3 other step(s) are undefined.
You can implement these steps using the snippet(s) below:

@Given("the user is requesting from {string}")
public void the_user_is_requesting_from(String string) {
    // Write code here that turns the phrase above into concrete actions
    throw new io.cucumber.java.PendingException();
}
@When("the user sends an API request")
public void the_user_sends_an_api_request() {
    // Write code here that turns the phrase above into concrete actions
    throw new io.cucumber.java.PendingException();
}
@Then("the API should return details for {string}")
public void the_api_should_return_details_for(String string) {
    // Write code here that turns the phrase above into concrete actions
    throw new io.cucumber.java.PendingException();
}
@Then("the API should return the postcode {string}")
public void the_api_should_return_the_postcode(String string) {
    // Write code here that turns the phrase above into concrete actions
    throw new io.cucumber.java.PendingException();
}

</failure>
  </testcase>
  <testcase name="runScenario" classname="test.java.runners.TestRunner" time="0.002">
    <failure message="The step &apos;the user is requesting from &lt;URL&gt;&apos; and 2 other step(s) are undefined.&#10;You can implement these steps using the snippet(s) below:&#10;&#10;@Given(&quot;the user is requesting from &lt;URL&gt;&quot;)&#10;public void the_user_is_requesting_from_url() {&#10;    // Write code here that turns the phrase above into concrete actions&#10;    throw new io.cucumber.java.PendingException();&#10;}&#10;@When(&quot;the user sends an API request&quot;)&#10;public void the_user_sends_an_api_request() {&#10;    // Write code here that turns the phrase above into concrete actions&#10;    throw new io.cucumber.java.PendingException();&#10;}&#10;@Then(&quot;the API should return a HTTP status code of {string}&quot;)&#10;public void the_api_should_return_a_http_status_code_of(String string) {&#10;    // Write code here that turns the phrase above into concrete actions&#10;    throw new io.cucumber.java.PendingException();&#10;}&#10;" type="io.cucumber.testng.UndefinedStepException"><![CDATA[io.cucumber.testng.UndefinedStepException: 
The step 'the user is requesting from <URL>' and 2 other step(s) are undefined.
You can implement these steps using the snippet(s) below:

@Given("the user is requesting from <URL>")
public void the_user_is_requesting_from_url() {
    // Write code here that turns the phrase above into concrete actions
    throw new io.cucumber.java.PendingException();
}
@When("the user sends an API request")
public void the_user_sends_an_api_request() {
    // Write code here that turns the phrase above into concrete actions
    throw new io.cucumber.java.PendingException();
}
@Then("the API should return a HTTP status code of {string}")
public void the_api_should_return_a_http_status_code_of(String string) {
    // Write code here that turns the phrase above into concrete actions
    throw new io.cucumber.java.PendingException();
}

]]></failure>
  </testcase>
  <testcase name="runScenario" classname="test.java.runners.TestRunner" time="0.002">
    <failure message="The step &apos;the user is requesting from https://api.zippopotam.us/gb/eng/earlestown&apos; and 3 other step(s) are undefined.&#10;You can implement these steps using the snippet(s) below:&#10;&#10;@Given(&quot;the user is requesting from https:\\/\\/api.zippopotam.us\\/gb\\/eng\\/earlestown&quot;)&#10;public void the_user_is_requesting_from_https_api_zippopotam_us_gb_eng_earlestown() {&#10;    // Write code here that turns the phrase above into concrete actions&#10;    throw new io.cucumber.java.PendingException();&#10;}&#10;@When(&quot;the user sends an API request&quot;)&#10;public void the_user_sends_an_api_request() {&#10;    // Write code here that turns the phrase above into concrete actions&#10;    throw new io.cucumber.java.PendingException();&#10;}&#10;@Then(&quot;the API should return details for Earlestown&quot;)&#10;public void the_api_should_return_details_for_earlestown() {&#10;    // Write code here that turns the phrase above into concrete actions&#10;    throw new io.cucumber.java.PendingException();&#10;}&#10;@Then(&quot;the API should return the postcode WA12&quot;)&#10;public void the_api_should_return_the_postcode_wa12() {&#10;    // Write code here that turns the phrase above into concrete actions&#10;    throw new io.cucumber.java.PendingException();&#10;}&#10;" type="io.cucumber.testng.UndefinedStepException">io.cucumber.testng.UndefinedStepException: 
The step 'the user is requesting from https://api.zippopotam.us/gb/eng/earlestown' and 3 other step(s) are undefined.
You can implement these steps using the snippet(s) below:

@Given("the user is requesting from https:\\/\\/api.zippopotam.us\\/gb\\/eng\\/earlestown")
public void the_user_is_requesting_from_https_api_zippopotam_us_gb_eng_earlestown() {
    // Write code here that turns the phrase above into concrete actions
    throw new io.cucumber.java.PendingException();
}
@When("the user sends an API request")
public void the_user_sends_an_api_request() {
    // Write code here that turns the phrase above into concrete actions
    throw new io.cucumber.java.PendingException();
}
@Then("the API should return details for Earlestown")
public void the_api_should_return_details_for_earlestown() {
    // Write code here that turns the phrase above into concrete actions
    throw new io.cucumber.java.PendingException();
}
@Then("the API should return the postcode WA12")
public void the_api_should_return_the_postcode_wa12() {
    // Write code here that turns the phrase above into concrete actions
    throw new io.cucumber.java.PendingException();
}

</failure>
  </testcase>
  <testcase name="runScenario" classname="test.java.runners.TestRunner" time="0.002">
    <failure message="The step &apos;the user is requesting from https://api.zippopotam.us/gb/eng/chorley&apos; and 3 other step(s) are undefined.&#10;You can implement these steps using the snippet(s) below:&#10;&#10;@Given(&quot;the user is requesting from https:\\/\\/api.zippopotam.us\\/gb\\/eng\\/chorley&quot;)&#10;public void the_user_is_requesting_from_https_api_zippopotam_us_gb_eng_chorley() {&#10;    // Write code here that turns the phrase above into concrete actions&#10;    throw new io.cucumber.java.PendingException();&#10;}&#10;@When(&quot;the user sends an API request&quot;)&#10;public void the_user_sends_an_api_request() {&#10;    // Write code here that turns the phrase above into concrete actions&#10;    throw new io.cucumber.java.PendingException();&#10;}&#10;@Then(&quot;the API should return details for Chorley&quot;)&#10;public void the_api_should_return_details_for_chorley() {&#10;    // Write code here that turns the phrase above into concrete actions&#10;    throw new io.cucumber.java.PendingException();&#10;}&#10;@Then(&quot;the API should return the postcode PR7&quot;)&#10;public void the_api_should_return_the_postcode_pr7() {&#10;    // Write code here that turns the phrase above into concrete actions&#10;    throw new io.cucumber.java.PendingException();&#10;}&#10;" type="io.cucumber.testng.UndefinedStepException">io.cucumber.testng.UndefinedStepException: 
The step 'the user is requesting from https://api.zippopotam.us/gb/eng/chorley' and 3 other step(s) are undefined.
You can implement these steps using the snippet(s) below:

@Given("the user is requesting from https:\\/\\/api.zippopotam.us\\/gb\\/eng\\/chorley")
public void the_user_is_requesting_from_https_api_zippopotam_us_gb_eng_chorley() {
    // Write code here that turns the phrase above into concrete actions
    throw new io.cucumber.java.PendingException();
}
@When("the user sends an API request")
public void the_user_sends_an_api_request() {
    // Write code here that turns the phrase above into concrete actions
    throw new io.cucumber.java.PendingException();
}
@Then("the API should return details for Chorley")
public void the_api_should_return_details_for_chorley() {
    // Write code here that turns the phrase above into concrete actions
    throw new io.cucumber.java.PendingException();
}
@Then("the API should return the postcode PR7")
public void the_api_should_return_the_postcode_pr7() {
    // Write code here that turns the phrase above into concrete actions
    throw new io.cucumber.java.PendingException();
}

</failure>
  </testcase>
  <testcase name="runScenario" classname="test.java.runners.TestRunner" time="0.003">
    <failure message="The step &apos;the clock app is open&apos; and 5 other step(s) are undefined.&#10;You can implement these steps using the snippet(s) below:&#10;&#10;@Given(&quot;the clock app is open&quot;)&#10;public void the_clock_app_is_open() {&#10;    // Write code here that turns the phrase above into concrete actions&#10;    throw new io.cucumber.java.PendingException();&#10;}&#10;@When(&quot;the user goes to the Timer tab&quot;)&#10;public void the_user_goes_to_the_timer_tab() {&#10;    // Write code here that turns the phrase above into concrete actions&#10;    throw new io.cucumber.java.PendingException();&#10;}&#10;@When(&quot;sets a {int} second timer&quot;)&#10;public void sets_a_second_timer(Integer int1) {&#10;    // Write code here that turns the phrase above into concrete actions&#10;    throw new io.cucumber.java.PendingException();&#10;}&#10;@When(&quot;clicks the play button&quot;)&#10;public void clicks_the_play_button() {&#10;    // Write code here that turns the phrase above into concrete actions&#10;    throw new io.cucumber.java.PendingException();&#10;}&#10;@When(&quot;waits {int} seconds&quot;)&#10;public void waits_seconds(Integer int1) {&#10;    // Write code here that turns the phrase above into concrete actions&#10;    throw new io.cucumber.java.PendingException();&#10;}&#10;@Then(&quot;the user will be prompted to stop the timer&quot;)&#10;public void the_user_will_be_prompted_to_stop_the_timer() {&#10;    // Write code here that turns the phrase above into concrete actions&#10;    throw new io.cucumber.java.PendingException();&#10;}&#10;" type="io.cucumber.testng.UndefinedStepException">io.cucumber.testng.UndefinedStepException: 
The step 'the clock app is open' and 5 other step(s) are undefined.
You can implement these steps using the snippet(s) below:

@Given("the clock app is open")
public void the_clock_app_is_open() {
    // Write code here that turns the phrase above into concrete actions
    throw new io.cucumber.java.PendingException();
}
@When("the user goes to the Timer tab")
public void the_user_goes_to_the_timer_tab() {
    // Write code here that turns the phrase above into concrete actions
    throw new io.cucumber.java.PendingException();
}
@When("sets a {int} second timer")
public void sets_a_second_timer(Integer int1) {
    // Write code here that turns the phrase above into concrete actions
    throw new io.cucumber.java.PendingException();
}
@When("clicks the play button")
public void clicks_the_play_button() {
    // Write code here that turns the phrase above into concrete actions
    throw new io.cucumber.java.PendingException();
}
@When("waits {int} seconds")
public void waits_seconds(Integer int1) {
    // Write code here that turns the phrase above into concrete actions
    throw new io.cucumber.java.PendingException();
}
@Then("the user will be prompted to stop the timer")
public void the_user_will_be_prompted_to_stop_the_timer() {
    // Write code here that turns the phrase above into concrete actions
    throw new io.cucumber.java.PendingException();
}

</failure>
  </testcase>
  <testcase name="runScenario" classname="test.java.runners.TestRunner" time="0.003">
    <failure message="The step &apos;the calculator is open&apos; and 3 other step(s) are undefined.&#10;You can implement these steps using the snippet(s) below:&#10;&#10;@Given(&quot;the calculator is open&quot;)&#10;public void the_calculator_is_open() {&#10;    // Write code here that turns the phrase above into concrete actions&#10;    throw new io.cucumber.java.PendingException();&#10;}&#10;@When(&quot;the user multiplies two numbers&quot;)&#10;public void the_user_multiplies_two_numbers() {&#10;    // Write code here that turns the phrase above into concrete actions&#10;    throw new io.cucumber.java.PendingException();&#10;}&#10;@When(&quot;clicks equals&quot;)&#10;public void clicks_equals() {&#10;    // Write code here that turns the phrase above into concrete actions&#10;    throw new io.cucumber.java.PendingException();&#10;}&#10;@Then(&quot;the two numbers should be multiplied correctly&quot;)&#10;public void the_two_numbers_should_be_multiplied_correctly() {&#10;    // Write code here that turns the phrase above into concrete actions&#10;    throw new io.cucumber.java.PendingException();&#10;}&#10;" type="io.cucumber.testng.UndefinedStepException">io.cucumber.testng.UndefinedStepException: 
The step 'the calculator is open' and 3 other step(s) are undefined.
You can implement these steps using the snippet(s) below:

@Given("the calculator is open")
public void the_calculator_is_open() {
    // Write code here that turns the phrase above into concrete actions
    throw new io.cucumber.java.PendingException();
}
@When("the user multiplies two numbers")
public void the_user_multiplies_two_numbers() {
    // Write code here that turns the phrase above into concrete actions
    throw new io.cucumber.java.PendingException();
}
@When("clicks equals")
public void clicks_equals() {
    // Write code here that turns the phrase above into concrete actions
    throw new io.cucumber.java.PendingException();
}
@Then("the two numbers should be multiplied correctly")
public void the_two_numbers_should_be_multiplied_correctly() {
    // Write code here that turns the phrase above into concrete actions
    throw new io.cucumber.java.PendingException();
}

</failure>
  </testcase>
  <testcase name="runScenario" classname="test.java.runners.TestRunner" time="0.002">
    <failure message="The step &apos;the user is on the dashboard page&apos; and 4 other step(s) are undefined.&#10;You can implement these steps using the snippet(s) below:&#10;&#10;@Given(&quot;the user is on the dashboard page&quot;)&#10;public void the_user_is_on_the_dashboard_page() {&#10;    // Write code here that turns the phrase above into concrete actions&#10;    throw new io.cucumber.java.PendingException();&#10;}&#10;@When(&quot;the user clicks on the create board button&quot;)&#10;public void the_user_clicks_on_the_create_board_button() {&#10;    // Write code here that turns the phrase above into concrete actions&#10;    throw new io.cucumber.java.PendingException();&#10;}&#10;@When(&quot;enters a name for the board&quot;)&#10;public void enters_a_name_for_the_board() {&#10;    // Write code here that turns the phrase above into concrete actions&#10;    throw new io.cucumber.java.PendingException();&#10;}&#10;@When(&quot;clicks the second create button&quot;)&#10;public void clicks_the_second_create_button() {&#10;    // Write code here that turns the phrase above into concrete actions&#10;    throw new io.cucumber.java.PendingException();&#10;}&#10;@Then(&quot;a board should be created and the user should be taken to the board page&quot;)&#10;public void a_board_should_be_created_and_the_user_should_be_taken_to_the_board_page() {&#10;    // Write code here that turns the phrase above into concrete actions&#10;    throw new io.cucumber.java.PendingException();&#10;}&#10;" type="io.cucumber.testng.UndefinedStepException">io.cucumber.testng.UndefinedStepException: 
The step 'the user is on the dashboard page' and 4 other step(s) are undefined.
You can implement these steps using the snippet(s) below:

@Given("the user is on the dashboard page")
public void the_user_is_on_the_dashboard_page() {
    // Write code here that turns the phrase above into concrete actions
    throw new io.cucumber.java.PendingException();
}
@When("the user clicks on the create board button")
public void the_user_clicks_on_the_create_board_button() {
    // Write code here that turns the phrase above into concrete actions
    throw new io.cucumber.java.PendingException();
}
@When("enters a name for the board")
public void enters_a_name_for_the_board() {
    // Write code here that turns the phrase above into concrete actions
    throw new io.cucumber.java.PendingException();
}
@When("clicks the second create button")
public void clicks_the_second_create_button() {
    // Write code here that turns the phrase above into concrete actions
    throw new io.cucumber.java.PendingException();
}
@Then("a board should be created and the user should be taken to the board page")
public void a_board_should_be_created_and_the_user_should_be_taken_to_the_board_page() {
    // Write code here that turns the phrase above into concrete actions
    throw new io.cucumber.java.PendingException();
}

</failure>
  </testcase>
  <testcase name="runScenario" classname="test.java.runners.TestRunner" time="0.001">
    <failure message="The step &apos;the user is on the login page&apos; and 3 other step(s) are undefined.&#10;You can implement these steps using the snippet(s) below:&#10;&#10;@Given(&quot;the user is on the login page&quot;)&#10;public void the_user_is_on_the_login_page() {&#10;    // Write code here that turns the phrase above into concrete actions&#10;    throw new io.cucumber.java.PendingException();&#10;}&#10;@When(&quot;the user enters valid credentials&quot;)&#10;public void the_user_enters_valid_credentials() {&#10;    // Write code here that turns the phrase above into concrete actions&#10;    throw new io.cucumber.java.PendingException();&#10;}&#10;@When(&quot;clicks submit&quot;)&#10;public void clicks_submit() {&#10;    // Write code here that turns the phrase above into concrete actions&#10;    throw new io.cucumber.java.PendingException();&#10;}&#10;@Then(&quot;the user should be logged in&quot;)&#10;public void the_user_should_be_logged_in() {&#10;    // Write code here that turns the phrase above into concrete actions&#10;    throw new io.cucumber.java.PendingException();&#10;}&#10;" type="io.cucumber.testng.UndefinedStepException">io.cucumber.testng.UndefinedStepException: 
The step 'the user is on the login page' and 3 other step(s) are undefined.
You can implement these steps using the snippet(s) below:

@Given("the user is on the login page")
public void the_user_is_on_the_login_page() {
    // Write code here that turns the phrase above into concrete actions
    throw new io.cucumber.java.PendingException();
}
@When("the user enters valid credentials")
public void the_user_enters_valid_credentials() {
    // Write code here that turns the phrase above into concrete actions
    throw new io.cucumber.java.PendingException();
}
@When("clicks submit")
public void clicks_submit() {
    // Write code here that turns the phrase above into concrete actions
    throw new io.cucumber.java.PendingException();
}
@Then("the user should be logged in")
public void the_user_should_be_logged_in() {
    // Write code here that turns the phrase above into concrete actions
    throw new io.cucumber.java.PendingException();
}

</failure>
  </testcase>
  <testcase name="runScenario" classname="test.java.runners.TestRunner" time="0.002">
    <failure message="The step &apos;the user is on the dashboard page&apos; and 3 other step(s) are undefined.&#10;You can implement these steps using the snippet(s) below:&#10;&#10;@Given(&quot;the user is on the dashboard page&quot;)&#10;public void the_user_is_on_the_dashboard_page() {&#10;    // Write code here that turns the phrase above into concrete actions&#10;    throw new io.cucumber.java.PendingException();&#10;}&#10;@When(&quot;the user clicks on the account dropdown button&quot;)&#10;public void the_user_clicks_on_the_account_dropdown_button() {&#10;    // Write code here that turns the phrase above into concrete actions&#10;    throw new io.cucumber.java.PendingException();&#10;}&#10;@When(&quot;clicks settings&quot;)&#10;public void clicks_settings() {&#10;    // Write code here that turns the phrase above into concrete actions&#10;    throw new io.cucumber.java.PendingException();&#10;}&#10;@Then(&quot;the user should be taken to the settings page&quot;)&#10;public void the_user_should_be_taken_to_the_settings_page() {&#10;    // Write code here that turns the phrase above into concrete actions&#10;    throw new io.cucumber.java.PendingException();&#10;}&#10;" type="io.cucumber.testng.UndefinedStepException">io.cucumber.testng.UndefinedStepException: 
The step 'the user is on the dashboard page' and 3 other step(s) are undefined.
You can implement these steps using the snippet(s) below:

@Given("the user is on the dashboard page")
public void the_user_is_on_the_dashboard_page() {
    // Write code here that turns the phrase above into concrete actions
    throw new io.cucumber.java.PendingException();
}
@When("the user clicks on the account dropdown button")
public void the_user_clicks_on_the_account_dropdown_button() {
    // Write code here that turns the phrase above into concrete actions
    throw new io.cucumber.java.PendingException();
}
@When("clicks settings")
public void clicks_settings() {
    // Write code here that turns the phrase above into concrete actions
    throw new io.cucumber.java.PendingException();
}
@Then("the user should be taken to the settings page")
public void the_user_should_be_taken_to_the_settings_page() {
    // Write code here that turns the phrase above into concrete actions
    throw new io.cucumber.java.PendingException();
}

</failure>
  </testcase>
</testsuite>