<?xml version="1.0" encoding="UTF-8"?>
<testsuite xmlns:xsi="http://www.w3.org/2001/XMLSchema-instance" xsi:noNamespaceSchemaLocation="https://maven.apache.org/surefire/maven-surefire-plugin/xsd/surefire-test-report.xsd" name="TestSuite" time="4.25" tests="11" errors="0" skipped="0" failures="11">
  <properties>
[...]
</properties>
  <testcase name="runScenario" classname="runners.TestRunner" time="2.328">
    <failure message="The parameter &quot;name&quot; was used but not defined. Define parameters using the JsonPath.params(...) function" type="java.lang.IllegalArgumentException">java.lang.IllegalArgumentException: The parameter "name" was used but not defined. Define parameters using the JsonPath.params(...) function
Caused by: groovy.lang.MissingPropertyException: No such property: name for class: Script1
</failure>
    <system-err><![CDATA[SLF4J: Failed to load class "org.slf4j.impl.StaticLoggerBinder".
SLF4J: Defaulting to no-operation (NOP) logger implementation
SLF4J: See http://www.slf4j.org/codes.html#StaticLoggerBinder for further details.
]]></system-err>
  </testcase>
  <testcase name="runScenario" classname="runners.TestRunner" time="0.25">
    <failure message="The parameter &quot;name&quot; was used but not defined. Define parameters using the JsonPath.params(...) function" type="java.lang.IllegalArgumentException">java.lang.IllegalArgumentException: The parameter "name" was used but not defined. Define parameters using the JsonPath.params(...) function
Caused by: groovy.lang.MissingPropertyException: No such property: name for class: Script1
</failure>
  </testcase>
  <testcase name="runScenario" classname="runners.TestRunner" time="0.006">
    <failure message="no protocol: &quot;https://api.zippopotam.us/gb/eng/chorley&quot;" type="java.net.MalformedURLException">java.net.MalformedURLException: no protocol: "https://api.zippopotam.us/gb/eng/chorley"
</failure>
  </testcase>
  <testcase name="runScenario" classname="runners.TestRunner" time="0.007">
    <failure message="Illegal character in path at index 0: &lt;URL&gt;" type="java.net.URISyntaxException"><![CDATA[java.net.URISyntaxException: Illegal character in path at index 0: <URL>
]]></failure>
  </testcase>
  <testcase name="runScenario" classname="runners.TestRunner" time="0.277">
    <failure message="The parameter &quot;name&quot; was used but not defined. Define parameters using the JsonPath.params(...) function" type="java.lang.IllegalArgumentException">java.lang.IllegalArgumentException: The parameter "name" was used but not defined. Define parameters using the JsonPath.params(...) function
Caused by: groovy.lang.MissingPropertyException: No such property: name for class: Script1
</failure>
  </testcase>
  <testcase name="runScenario" classname="runners.TestRunner" time="0.312">
    <failure message="The parameter &quot;name&quot; was used but not defined. Define parameters using the JsonPath.params(...) function" type="java.lang.IllegalArgumentException">java.lang.IllegalArgumentException: The parameter "name" was used but not defined. Define parameters using the JsonPath.params(...) function
Caused by: groovy.lang.MissingPropertyException: No such property: name for class: Script1
</failure>
  </testcase>
  <testcase name="runScenario" classname="runners.TestRunner" time="0.059">
    <failure type="java.lang.NullPointerException">java.lang.NullPointerException
</failure>
  </testcase>
  <testcase name="runScenario" classname="runners.TestRunner" time="0.003">
    <failure type="java.lang.NullPointerException">java.lang.NullPointerException
</failure>
  </testcase>
  <testcase name="runScenario" classname="runners.TestRunner" time="0.003">
    <failure message="Step [the user is on the dashboard page] is defined with 1 parameters at &apos;stepDefinitions.Steps.check_user_is_on_dashboard_page(java.lang.String)&apos;.&#10;However, the gherkin step has 0 arguments.&#10;Step text: the user is on the dashboard page" type="io.cucumber.core.exception.CucumberException">io.cucumber.core.exception.CucumberException: 
Step [the user is on the dashboard page] is defined with 1 parameters at 'stepDefinitions.Steps.check_user_is_on_dashboard_page(java.lang.String)'.
However, the gherkin step has 0 arguments.
Step text: the user is on the dashboard page
</failure>
  </testcase>
  <testcase name="runScenario" classname="runners.TestRunner" time="0.002">
    <failure message="Step [the user is on the login page] is defined with 1 parameters at &apos;stepDefinitions.Steps.check_user_is_on_login_page(java.lang.String)&apos;.&#10;However, the gherkin step has 0 arguments.&#10;Step text: the user is on the login page" type="io.cucumber.core.exception.CucumberException">io.cucumber.core.exception.CucumberException: 
Step [the user is on the login page] is defined with 1 parameters at 'stepDefinitions.Steps.check_user_is_on_login_page(java.lang.String)'.
However, the gherkin step has 0 arguments.
Step text: the user is on the login page
</failure>
  </testcase>
  <testcase name="runScenario" classname="runners.TestRunner" time="0.002">
    <failure message="Step [the user is on the dashboard page] is defined with 1 parameters at &apos;stepDefinitions.Steps.check_user_is_on_dashboard_page(java.lang.String)&apos;.&#10;However, the gherkin step has 0 arguments.&#10;Step text: the user is on the dashboard page" type="io.cucumber.core.exception.CucumberException">io.cucumber.core.exception.CucumberException: 
Step [the user is on the dashboard page] is defined with 1 parameters at 'stepDefinitions.Steps.check_user_is_on_dashboard_page(java.lang.String)'.
However, the gherkin step has 0 arguments.
Step text: the user is on the dashboard page
</failure>
  </testcase>
</testsuite>