<?xml version="1.0" encoding="UTF-8"?>
<!-- Generated by org.testng.reporters.JUnitXMLReporter -->
<testsuite hostname="DESKTOP-79BEL83" ignored="0" name="Test Automation" tests="4" failures="0" timestamp="2022-11-29T01:45:41 GMT" time="31.65" errors="0">
  <testcase name="@BeforeMethod beforeMethodMethod" time="0.001" classname="runners.DesktopRunner">
    <failure type="java.lang.NoSuchMethodError" message="org.openqa.selenium.remote.service.DriverService.&amp;lt;init&amp;gt;(Ljava/io/File;ILcom/google/common/collect/ImmutableList;Lcom/google/common/collect/ImmutableMap;)V">
      <![CDATA[java.lang.NoSuchMethodError: org.openqa.selenium.remote.service.DriverService.<init>(Ljava/io/File;ILcom/google/common/collect/ImmutableList;Lcom/google/common/collect/ImmutableMap;)V
at org.openqa.selenium.winium.WiniumDriverService.<init>(WiniumDriverService.java:114)
at org.openqa.selenium.winium.WiniumDriverService$Builder.buildDesktopService(WiniumDriverService.java:191)
at runners.DesktopRunner.setupDriver(DesktopRunner.java:49)
at runners.DesktopRunner.beforeMethodMethod(DesktopRunner.java:81)
at java.util.ArrayList.forEach(ArrayList.java:1257)
... Removed 35 stack frames]]>
    </failure>
  </testcase> <!-- @BeforeMethod beforeMethodMethod -->
  <testcase name="@AfterMethod afterMethodMethod" time="0.0" classname="runners.DesktopRunner">
    <skipped/>
  </testcase> <!-- @AfterMethod afterMethodMethod -->
  <testcase name="@AfterTest afterTestMethod" time="0.0" classname="runners.DesktopRunner">
    <skipped/>
  </testcase> <!-- @AfterTest afterTestMethod -->
  <testcase name="@AfterTest afterTestMethod" time="0.0" classname="runners.WebRunner">
    <skipped/>
  </testcase> <!-- @AfterTest afterTestMethod -->
  <testcase name="runScenario" time="8.155" classname="io.cucumber.testng.AbstractTestNGCucumberTests"/>
  <testcase name="runScenario" time="6.427" classname="io.cucumber.testng.AbstractTestNGCucumberTests"/>
  <testcase name="runScenario" time="6.777" classname="io.cucumber.testng.AbstractTestNGCucumberTests"/>
  <testcase name="runScenario" time="0.0" classname="io.cucumber.testng.AbstractTestNGCucumberTests">
    <skipped/>
  </testcase> <!-- runScenario -->
</testsuite> <!-- Test Automation -->
